<?xml version="1.0" encoding="UTF-8"?>
<!-- Generated by org.testng.reporters.JUnitXMLReporter -->
<testsuite hostname="IBM385-PC0GJ252" failures="1" tests="1" name="FacebookLoginFeatureRunner111" time="13.141" errors="0" timestamp="27 Feb 2018 13:46:39 GMT">
  <testcase classname="com.cucumber.framework.runner.productCategory.TestTotalNumberOfWomenDressProductRunner" name="feature" time="12.547">
    <failure type="cucumber.runtime.CucumberException" message="java.lang.AssertionError: given product count is not matching with runtime product Data expected [true] but found [false]">
      <![CDATA[cucumber.runtime.CucumberException: java.lang.AssertionError: given product count is not matching with runtime product Data expected [true] but found [false]
	at cucumber.api.testng.TestNGCucumberRunner.runCucumber(TestNGCucumberRunner.java:69)
	at cucumber.api.testng.AbstractTestNGCucumberTests.feature(AbstractTestNGCucumberTests.java:21)
Caused by: java.lang.AssertionError: given product count is not matching with runtime product Data expected [true] but found [false]
	at com.cucumber.framework.stepdefinition.ProductCategory.ProductCategory.verify_total_number_of_women_products_dispalyed_as(ProductCategory.java:34)
	at âœ½.Then verify total number of women products dispalyed as "8"(featurefile/productCategory/TestTotalNumberOfWomenDressProductRunner.feature:7)
... Removed 27 stack frames]]>
    </failure>
  </testcase> <!-- feature -->
</testsuite> <!-- FacebookLoginFeatureRunner111 -->
